Connecting to database specified by database.yml


Started GET "/assets/rails.png" for 127.0.0.1 at 2013-05-22 10:44:42 +1000
Served asset /rails.png - 304 Not Modified (11ms)
Connecting to database specified by database.yml
Connecting to database specified by database.yml
Connecting to database specified by database.yml
Connecting to database specified by database.yml
Connecting to database specified by database.yml


Started GET "/assets/rails.png" for 127.0.0.1 at 2013-05-22 10:58:01 +1000
Served asset /rails.png - 304 Not Modified (0ms)


Started GET "/assets/rails.png" for 127.0.0.1 at 2013-05-22 10:58:03 +1000
Served asset /rails.png - 304 Not Modified (0ms)
Connecting to database specified by database.yml
Connecting to database specified by database.yml


Started GET "/assets/rails.png" for 127.0.0.1 at 2013-05-22 10:58:23 +1000
Served asset /rails.png - 304 Not Modified (3ms)


Started GET "/assets/rails.png" for 127.0.0.1 at 2013-05-22 10:58:25 +1000
Served asset /rails.png - 304 Not Modified (0ms)
Connecting to database specified by database.yml


Started GET "/assets/rails.png" for 127.0.0.1 at 2013-05-22 10:59:13 +1000
Served asset /rails.png - 304 Not Modified (3ms)
Connecting to database specified by database.yml
Connecting to database specified by database.yml


Started GET "/weather" for 127.0.0.1 at 2013-05-22 11:00:11 +1000
Processing by WeatherController#zip_code_inquiry as HTML
Completed 500 Internal Server Error in 5639ms

ActionView::MissingTemplate (Missing template weather/zip_code_inquiry with {:locale=>[:en], :formats=>[:html], :handlers=>[:erb, :builder, :coffee]}. Searched in:
  * "/home/lucy/Desktop/weather/app/views"
):
  actionpack (3.2.13) lib/action_view/path_set.rb:58:in `find'
  actionpack (3.2.13) lib/action_view/lookup_context.rb:109:in `find'
  actionpack (3.2.13) lib/action_view/renderer/abstract_renderer.rb:3:in `find_template'
  actionpack (3.2.13) lib/action_view/renderer/template_renderer.rb:34:in `determine_template'
  actionpack (3.2.13) lib/action_view/renderer/template_renderer.rb:10:in `render'
  actionpack (3.2.13) lib/action_view/renderer/renderer.rb:36:in `render_template'
  actionpack (3.2.13) lib/action_view/renderer/renderer.rb:17:in `render'
  actionpack (3.2.13) lib/abstract_controller/rendering.rb:110:in `_render_template'
  actionpack (3.2.13) lib/action_controller/metal/streaming.rb:225:in `_render_template'
  actionpack (3.2.13) lib/abstract_controller/rendering.rb:103:in `render_to_body'
  actionpack (3.2.13) lib/action_controller/metal/renderers.rb:28:in `render_to_body'
  actionpack (3.2.13) lib/action_controller/metal/compatibility.rb:50:in `render_to_body'
  actionpack (3.2.13) lib/abstract_controller/rendering.rb:88:in `render'
  actionpack (3.2.13) lib/action_controller/metal/rendering.rb:16:in `render'
  actionpack (3.2.13) lib/action_controller/metal/instrumentation.rb:40:in `block (2 levels) in render'
  activesupport (3.2.13) lib/active_support/core_ext/benchmark.rb:5:in `block in ms'
  /home/lucy/.rvm/rubies/ruby-1.9.3-p392/lib/ruby/1.9.1/benchmark.rb:295:in `realtime'
  activesupport (3.2.13) lib/active_support/core_ext/benchmark.rb:5:in `ms'
  actionpack (3.2.13) lib/action_controller/metal/instrumentation.rb:40:in `block in render'
  actionpack (3.2.13) lib/action_controller/metal/instrumentation.rb:83:in `cleanup_view_runtime'
  activerecord (3.2.13) lib/active_record/railties/controller_runtime.rb:24:in `cleanup_view_runtime'
  actionpack (3.2.13) lib/action_controller/metal/instrumentation.rb:39:in `render'
  actionpack (3.2.13) lib/action_controller/metal/implicit_render.rb:10:in `default_render'
  actionpack (3.2.13) lib/action_controller/metal/implicit_render.rb:5:in `send_action'
  actionpack (3.2.13) lib/abstract_controller/base.rb:167:in `process_action'
  actionpack (3.2.13) lib/action_controller/metal/rendering.rb:10:in `process_action'
  actionpack (3.2.13) lib/abstract_controller/callbacks.rb:18:in `block in process_action'
  activesupport (3.2.13) lib/active_support/callbacks.rb:414:in `_run__6765835__process_action__779788555__callbacks'
  activesupport (3.2.13) lib/active_support/callbacks.rb:405:in `__run_callback'
  activesupport (3.2.13) lib/active_support/callbacks.rb:385:in `_run_process_action_callbacks'
  activesupport (3.2.13) lib/active_support/callbacks.rb:81:in `run_callbacks'
  actionpack (3.2.13) lib/abstract_controller/callbacks.rb:17:in `process_action'
  actionpack (3.2.13) lib/action_controller/metal/rescue.rb:29:in `process_action'
  actionpack (3.2.13) lib/action_controller/metal/instrumentation.rb:30:in `block in process_action'
  activesupport (3.2.13) lib/active_support/notifications.rb:123:in `block in instrument'
  activesupport (3.2.13) lib/active_support/notifications/instrumenter.rb:20:in `instrument'
  activesupport (3.2.13) lib/active_support/notifications.rb:123:in `instrument'
  actionpack (3.2.13) lib/action_controller/metal/instrumentation.rb:29:in `process_action'
  actionpack (3.2.13) lib/action_controller/metal/params_wrapper.rb:207:in `process_action'
  activerecord (3.2.13) lib/active_record/railties/controller_runtime.rb:18:in `process_action'
  actionpack (3.2.13) lib/abstract_controller/base.rb:121:in `process'
  actionpack (3.2.13) lib/abstract_controller/rendering.rb:45:in `process'
  actionpack (3.2.13) lib/action_controller/metal.rb:203:in `dispatch'
  actionpack (3.2.13) lib/action_controller/metal/rack_delegation.rb:14:in `dispatch'
  actionpack (3.2.13) lib/action_controller/metal.rb:246:in `block in action'
  actionpack (3.2.13) lib/action_dispatch/routing/route_set.rb:73:in `call'
  actionpack (3.2.13) lib/action_dispatch/routing/route_set.rb:73:in `dispatch'
  actionpack (3.2.13) lib/action_dispatch/routing/route_set.rb:36:in `call'
  journey (1.0.4) lib/journey/router.rb:68:in `block in call'
  journey (1.0.4) lib/journey/router.rb:56:in `each'
  journey (1.0.4) lib/journey/router.rb:56:in `call'
  actionpack (3.2.13) lib/action_dispatch/routing/route_set.rb:612:in `call'
  actionpack (3.2.13) lib/action_dispatch/middleware/best_standards_support.rb:17:in `call'
  rack (1.4.5) lib/rack/etag.rb:23:in `call'
  rack (1.4.5) lib/rack/conditionalget.rb:25:in `call'
  actionpack (3.2.13) lib/action_dispatch/middleware/head.rb:14:in `call'
  actionpack (3.2.13) lib/action_dispatch/middleware/params_parser.rb:21:in `call'
  actionpack (3.2.13) lib/action_dispatch/middleware/flash.rb:242:in `call'
  rack (1.4.5) lib/rack/session/abstract/id.rb:210:in `context'
  rack (1.4.5) lib/rack/session/abstract/id.rb:205:in `call'
  actionpack (3.2.13) lib/action_dispatch/middleware/cookies.rb:341:in `call'
  activerecord (3.2.13) lib/active_record/query_cache.rb:64:in `call'
  activerecord (3.2.13) lib/active_record/connection_adapters/abstract/connection_pool.rb:479:in `call'
  actionpack (3.2.13) lib/action_dispatch/middleware/callbacks.rb:28:in `block in call'
  activesupport (3.2.13) lib/active_support/callbacks.rb:405:in `_run__720032982__call__1000262458__callbacks'
  activesupport (3.2.13) lib/active_support/callbacks.rb:405:in `__run_callback'
  activesupport (3.2.13) lib/active_support/callbacks.rb:385:in `_run_call_callbacks'
  activesupport (3.2.13) lib/active_support/callbacks.rb:81:in `run_callbacks'
  actionpack (3.2.13) lib/action_dispatch/middleware/callbacks.rb:27:in `call'
  actionpack (3.2.13) lib/action_dispatch/middleware/reloader.rb:65:in `call'
  actionpack (3.2.13) lib/action_dispatch/middleware/remote_ip.rb:31:in `call'
  actionpack (3.2.13) lib/action_dispatch/middleware/debug_exceptions.rb:16:in `call'
  actionpack (3.2.13) lib/action_dispatch/middleware/show_exceptions.rb:56:in `call'
  railties (3.2.13) lib/rails/rack/logger.rb:32:in `call_app'
  railties (3.2.13) lib/rails/rack/logger.rb:16:in `block in call'
  activesupport (3.2.13) lib/active_support/tagged_logging.rb:22:in `tagged'
  railties (3.2.13) lib/rails/rack/logger.rb:16:in `call'
  actionpack (3.2.13) lib/action_dispatch/middleware/request_id.rb:22:in `call'
  rack (1.4.5) lib/rack/methodoverride.rb:21:in `call'
  rack (1.4.5) lib/rack/runtime.rb:17:in `call'
  activesupport (3.2.13) lib/active_support/cache/strategy/local_cache.rb:72:in `call'
  rack (1.4.5) lib/rack/lock.rb:15:in `call'
  actionpack (3.2.13) lib/action_dispatch/middleware/static.rb:63:in `call'
  railties (3.2.13) lib/rails/engine.rb:479:in `call'
  railties (3.2.13) lib/rails/application.rb:223:in `call'
  rack (1.4.5) lib/rack/content_length.rb:14:in `call'
  railties (3.2.13) lib/rails/rack/log_tailer.rb:17:in `call'
  rack (1.4.5) lib/rack/handler/webrick.rb:59:in `service'
  /home/lucy/.rvm/rubies/ruby-1.9.3-p392/lib/ruby/1.9.1/webrick/httpserver.rb:138:in `service'
  /home/lucy/.rvm/rubies/ruby-1.9.3-p392/lib/ruby/1.9.1/webrick/httpserver.rb:94:in `run'
  /home/lucy/.rvm/rubies/ruby-1.9.3-p392/lib/ruby/1.9.1/webrick/server.rb:191:in `block in start_thread'


  Rendered /home/lucy/.rvm/gems/ruby-1.9.3-p392/gems/actionpack-3.2.13/lib/action_dispatch/middleware/templates/rescues/missing_template.erb within rescues/layout (7.0ms)


Started GET "/weather" for 127.0.0.1 at 2013-05-22 11:00:41 +1000
Processing by WeatherController#zip_code_inquiry as HTML
  Rendered weather/zip_code_inquiry.html.erb (2.7ms)
Completed 200 OK in 1155ms (Views: 13.9ms | ActiveRecord: 0.0ms)


Started GET "/weather" for 127.0.0.1 at 2013-05-22 11:03:28 +1000
Processing by WeatherController#zipcode_inquiry as HTML
  Rendered weather/zipcode_inquiry.html.erb (38.9ms)
Completed 200 OK in 45ms (Views: 43.8ms | ActiveRecord: 0.0ms)


Started POST "/weather" for 127.0.0.1 at 2013-05-22 11:03:37 +1000

ActionController::RoutingError (No route matches [POST] "/weather"):
  actionpack (3.2.13) lib/action_dispatch/middleware/debug_exceptions.rb:21:in `call'
  actionpack (3.2.13) lib/action_dispatch/middleware/show_exceptions.rb:56:in `call'
  railties (3.2.13) lib/rails/rack/logger.rb:32:in `call_app'
  railties (3.2.13) lib/rails/rack/logger.rb:16:in `block in call'
  activesupport (3.2.13) lib/active_support/tagged_logging.rb:22:in `tagged'
  railties (3.2.13) lib/rails/rack/logger.rb:16:in `call'
  actionpack (3.2.13) lib/action_dispatch/middleware/request_id.rb:22:in `call'
  rack (1.4.5) lib/rack/methodoverride.rb:21:in `call'
  rack (1.4.5) lib/rack/runtime.rb:17:in `call'
  activesupport (3.2.13) lib/active_support/cache/strategy/local_cache.rb:72:in `call'
  rack (1.4.5) lib/rack/lock.rb:15:in `call'
  actionpack (3.2.13) lib/action_dispatch/middleware/static.rb:63:in `call'
  railties (3.2.13) lib/rails/engine.rb:479:in `call'
  railties (3.2.13) lib/rails/application.rb:223:in `call'
  rack (1.4.5) lib/rack/content_length.rb:14:in `call'
  railties (3.2.13) lib/rails/rack/log_tailer.rb:17:in `call'
  rack (1.4.5) lib/rack/handler/webrick.rb:59:in `service'
  /home/lucy/.rvm/rubies/ruby-1.9.3-p392/lib/ruby/1.9.1/webrick/httpserver.rb:138:in `service'
  /home/lucy/.rvm/rubies/ruby-1.9.3-p392/lib/ruby/1.9.1/webrick/httpserver.rb:94:in `run'
  /home/lucy/.rvm/rubies/ruby-1.9.3-p392/lib/ruby/1.9.1/webrick/server.rb:191:in `block in start_thread'


  Rendered /home/lucy/.rvm/gems/ruby-1.9.3-p392/gems/actionpack-3.2.13/lib/action_dispatch/middleware/templates/rescues/routing_error.erb within rescues/layout (1.6ms)
Connecting to database specified by database.yml


Started GET "/weather" for 127.0.0.1 at 2013-05-22 11:04:02 +1000
Processing by WeatherController#zipcode_inquiry as HTML
  Rendered weather/zipcode_inquiry.html.erb (15.4ms)
Completed 200 OK in 77ms (Views: 76.3ms | ActiveRecord: 0.0ms)


Started POST "/weather" for 127.0.0.1 at 2013-05-22 11:04:04 +1000
Processing by WeatherController#show_weather as HTML
  Parameters: {"utf8"=>"✓", "authenticity_token"=>"jCByC6reV/VuDTliiT4Ndqzq95jg+AC2ALBFdkYeXKA=", "zipcode_form"=>{"zipcode"=>"22181"}, "commit"=>"Get Weather"}
Completed 500 Internal Server Error in 680208ms

ActionView::MissingTemplate (Missing template weather/show_weather with {:locale=>[:en], :formats=>[:html], :handlers=>[:erb, :builder, :coffee]}. Searched in:
  * "/home/lucy/Desktop/weather/app/views"
):
  actionpack (3.2.13) lib/action_view/path_set.rb:58:in `find'
  actionpack (3.2.13) lib/action_view/lookup_context.rb:109:in `find'
  actionpack (3.2.13) lib/action_view/renderer/abstract_renderer.rb:3:in `find_template'
  actionpack (3.2.13) lib/action_view/renderer/template_renderer.rb:34:in `determine_template'
  actionpack (3.2.13) lib/action_view/renderer/template_renderer.rb:10:in `render'
  actionpack (3.2.13) lib/action_view/renderer/renderer.rb:36:in `render_template'
  actionpack (3.2.13) lib/action_view/renderer/renderer.rb:17:in `render'
  actionpack (3.2.13) lib/abstract_controller/rendering.rb:110:in `_render_template'
  actionpack (3.2.13) lib/action_controller/metal/streaming.rb:225:in `_render_template'
  actionpack (3.2.13) lib/abstract_controller/rendering.rb:103:in `render_to_body'
  actionpack (3.2.13) lib/action_controller/metal/renderers.rb:28:in `render_to_body'
  actionpack (3.2.13) lib/action_controller/metal/compatibility.rb:50:in `render_to_body'
  actionpack (3.2.13) lib/abstract_controller/rendering.rb:88:in `render'
  actionpack (3.2.13) lib/action_controller/metal/rendering.rb:16:in `render'
  actionpack (3.2.13) lib/action_controller/metal/instrumentation.rb:40:in `block (2 levels) in render'
  activesupport (3.2.13) lib/active_support/core_ext/benchmark.rb:5:in `block in ms'
  /home/lucy/.rvm/rubies/ruby-1.9.3-p392/lib/ruby/1.9.1/benchmark.rb:295:in `realtime'
  activesupport (3.2.13) lib/active_support/core_ext/benchmark.rb:5:in `ms'
  actionpack (3.2.13) lib/action_controller/metal/instrumentation.rb:40:in `block in render'
  actionpack (3.2.13) lib/action_controller/metal/instrumentation.rb:83:in `cleanup_view_runtime'
  activerecord (3.2.13) lib/active_record/railties/controller_runtime.rb:24:in `cleanup_view_runtime'
  actionpack (3.2.13) lib/action_controller/metal/instrumentation.rb:39:in `render'
  actionpack (3.2.13) lib/action_controller/metal/implicit_render.rb:10:in `default_render'
  actionpack (3.2.13) lib/action_controller/metal/implicit_render.rb:5:in `send_action'
  actionpack (3.2.13) lib/abstract_controller/base.rb:167:in `process_action'
  actionpack (3.2.13) lib/action_controller/metal/rendering.rb:10:in `process_action'
  actionpack (3.2.13) lib/abstract_controller/callbacks.rb:18:in `block in process_action'
  activesupport (3.2.13) lib/active_support/callbacks.rb:414:in `_run__246168744__process_action__1036952936__callbacks'
  activesupport (3.2.13) lib/active_support/callbacks.rb:405:in `__run_callback'
  activesupport (3.2.13) lib/active_support/callbacks.rb:385:in `_run_process_action_callbacks'
  activesupport (3.2.13) lib/active_support/callbacks.rb:81:in `run_callbacks'
  actionpack (3.2.13) lib/abstract_controller/callbacks.rb:17:in `process_action'
  actionpack (3.2.13) lib/action_controller/metal/rescue.rb:29:in `process_action'
  actionpack (3.2.13) lib/action_controller/metal/instrumentation.rb:30:in `block in process_action'
  activesupport (3.2.13) lib/active_support/notifications.rb:123:in `block in instrument'
  activesupport (3.2.13) lib/active_support/notifications/instrumenter.rb:20:in `instrument'
  activesupport (3.2.13) lib/active_support/notifications.rb:123:in `instrument'
  actionpack (3.2.13) lib/action_controller/metal/instrumentation.rb:29:in `process_action'
  actionpack (3.2.13) lib/action_controller/metal/params_wrapper.rb:207:in `process_action'
  activerecord (3.2.13) lib/active_record/railties/controller_runtime.rb:18:in `process_action'
  actionpack (3.2.13) lib/abstract_controller/base.rb:121:in `process'
  actionpack (3.2.13) lib/abstract_controller/rendering.rb:45:in `process'
  actionpack (3.2.13) lib/action_controller/metal.rb:203:in `dispatch'
  actionpack (3.2.13) lib/action_controller/metal/rack_delegation.rb:14:in `dispatch'
  actionpack (3.2.13) lib/action_controller/metal.rb:246:in `block in action'
  actionpack (3.2.13) lib/action_dispatch/routing/route_set.rb:73:in `call'
  actionpack (3.2.13) lib/action_dispatch/routing/route_set.rb:73:in `dispatch'
  actionpack (3.2.13) lib/action_dispatch/routing/route_set.rb:36:in `call'
  journey (1.0.4) lib/journey/router.rb:68:in `block in call'
  journey (1.0.4) lib/journey/router.rb:56:in `each'
  journey (1.0.4) lib/journey/router.rb:56:in `call'
  actionpack (3.2.13) lib/action_dispatch/routing/route_set.rb:612:in `call'
  actionpack (3.2.13) lib/action_dispatch/middleware/best_standards_support.rb:17:in `call'
  rack (1.4.5) lib/rack/etag.rb:23:in `call'
  rack (1.4.5) lib/rack/conditionalget.rb:35:in `call'
  actionpack (3.2.13) lib/action_dispatch/middleware/head.rb:14:in `call'
  actionpack (3.2.13) lib/action_dispatch/middleware/params_parser.rb:21:in `call'
  actionpack (3.2.13) lib/action_dispatch/middleware/flash.rb:242:in `call'
  rack (1.4.5) lib/rack/session/abstract/id.rb:210:in `context'
  rack (1.4.5) lib/rack/session/abstract/id.rb:205:in `call'
  actionpack (3.2.13) lib/action_dispatch/middleware/cookies.rb:341:in `call'
  activerecord (3.2.13) lib/active_record/query_cache.rb:64:in `call'
  activerecord (3.2.13) lib/active_record/connection_adapters/abstract/connection_pool.rb:479:in `call'
  actionpack (3.2.13) lib/action_dispatch/middleware/callbacks.rb:28:in `block in call'
  activesupport (3.2.13) lib/active_support/callbacks.rb:405:in `_run__536820783__call__611952516__callbacks'
  activesupport (3.2.13) lib/active_support/callbacks.rb:405:in `__run_callback'
  activesupport (3.2.13) lib/active_support/callbacks.rb:385:in `_run_call_callbacks'
  activesupport (3.2.13) lib/active_support/callbacks.rb:81:in `run_callbacks'
  actionpack (3.2.13) lib/action_dispatch/middleware/callbacks.rb:27:in `call'
  actionpack (3.2.13) lib/action_dispatch/middleware/reloader.rb:65:in `call'
  actionpack (3.2.13) lib/action_dispatch/middleware/remote_ip.rb:31:in `call'
  actionpack (3.2.13) lib/action_dispatch/middleware/debug_exceptions.rb:16:in `call'
  actionpack (3.2.13) lib/action_dispatch/middleware/show_exceptions.rb:56:in `call'
  railties (3.2.13) lib/rails/rack/logger.rb:32:in `call_app'
  railties (3.2.13) lib/rails/rack/logger.rb:16:in `block in call'
  activesupport (3.2.13) lib/active_support/tagged_logging.rb:22:in `tagged'
  railties (3.2.13) lib/rails/rack/logger.rb:16:in `call'
  actionpack (3.2.13) lib/action_dispatch/middleware/request_id.rb:22:in `call'
  rack (1.4.5) lib/rack/methodoverride.rb:21:in `call'
  rack (1.4.5) lib/rack/runtime.rb:17:in `call'
  activesupport (3.2.13) lib/active_support/cache/strategy/local_cache.rb:72:in `call'
  rack (1.4.5) lib/rack/lock.rb:15:in `call'
  actionpack (3.2.13) lib/action_dispatch/middleware/static.rb:63:in `call'
  railties (3.2.13) lib/rails/engine.rb:479:in `call'
  railties (3.2.13) lib/rails/application.rb:223:in `call'
  rack (1.4.5) lib/rack/content_length.rb:14:in `call'
  railties (3.2.13) lib/rails/rack/log_tailer.rb:17:in `call'
  rack (1.4.5) lib/rack/handler/webrick.rb:59:in `service'
  /home/lucy/.rvm/rubies/ruby-1.9.3-p392/lib/ruby/1.9.1/webrick/httpserver.rb:138:in `service'
  /home/lucy/.rvm/rubies/ruby-1.9.3-p392/lib/ruby/1.9.1/webrick/httpserver.rb:94:in `run'
  /home/lucy/.rvm/rubies/ruby-1.9.3-p392/lib/ruby/1.9.1/webrick/server.rb:191:in `block in start_thread'


  Rendered /home/lucy/.rvm/gems/ruby-1.9.3-p392/gems/actionpack-3.2.13/lib/action_dispatch/middleware/templates/rescues/missing_template.erb within rescues/layout (1.4ms)


Started GET "/weather" for 127.0.0.1 at 2013-05-22 11:15:28 +1000
Processing by WeatherController#zipcode_inquiry as HTML
  Rendered weather/zipcode_inquiry.html.erb (4.1ms)
Completed 200 OK in 10ms (Views: 8.9ms | ActiveRecord: 0.0ms)


Started POST "/weather" for 127.0.0.1 at 2013-05-22 11:15:31 +1000
Processing by WeatherController#show_weather as HTML
  Parameters: {"utf8"=>"✓", "authenticity_token"=>"jCByC6reV/VuDTliiT4Ndqzq95jg+AC2ALBFdkYeXKA=", "zipcode_form"=>{"zipcode"=>""}, "commit"=>"Get Weather"}
Redirected to http://localhost:3000/weather
Completed 302 Found in 3ms (ActiveRecord: 0.0ms)


Started GET "/weather" for 127.0.0.1 at 2013-05-22 11:15:31 +1000
Processing by WeatherController#zipcode_inquiry as HTML
  Rendered weather/zipcode_inquiry.html.erb (3.8ms)
Completed 200 OK in 8ms (Views: 7.4ms | ActiveRecord: 0.0ms)
Connecting to database specified by database.yml


Started GET "/weather" for 127.0.0.1 at 2013-05-22 11:15:52 +1000
Processing by WeatherController#zipcode_inquiry as HTML
  Rendered weather/zipcode_inquiry.html.erb (15.2ms)
Completed 200 OK in 77ms (Views: 76.4ms | ActiveRecord: 0.0ms)


Started POST "/weather" for 127.0.0.1 at 2013-05-22 11:15:53 +1000
Processing by WeatherController#show_weather as HTML
  Parameters: {"utf8"=>"✓", "authenticity_token"=>"jCByC6reV/VuDTliiT4Ndqzq95jg+AC2ALBFdkYeXKA=", "zipcode_form"=>{"zipcode"=>""}, "commit"=>"Get Weather"}
Redirected to http://localhost:3000/weather
Completed 302 Found in 5ms (ActiveRecord: 0.0ms)


Started GET "/weather" for 127.0.0.1 at 2013-05-22 11:15:53 +1000
Processing by WeatherController#zipcode_inquiry as HTML
  Rendered weather/zipcode_inquiry.html.erb (3.7ms)
Completed 200 OK in 9ms (Views: 8.9ms | ActiveRecord: 0.0ms)


Started POST "/weather" for 127.0.0.1 at 2013-05-22 11:16:19 +1000
Processing by WeatherController#show_weather as HTML
  Parameters: {"utf8"=>"✓", "authenticity_token"=>"jCByC6reV/VuDTliiT4Ndqzq95jg+AC2ALBFdkYeXKA=", "zipcode_form"=>{"zipcode"=>""}, "commit"=>"Get Weather"}
Redirected to http://localhost:3000/weather
Completed 302 Found in 48235ms (ActiveRecord: 0.0ms)


Started GET "/weather" for 127.0.0.1 at 2013-05-22 11:17:07 +1000
Processing by WeatherController#zipcode_inquiry as HTML
  Rendered weather/zipcode_inquiry.html.erb (4.3ms)
Completed 200 OK in 10ms (Views: 8.7ms | ActiveRecord: 0.0ms)


Started POST "/weather" for 127.0.0.1 at 2013-05-22 11:17:27 +1000
Processing by WeatherController#show_weather as HTML
  Parameters: {"utf8"=>"✓", "authenticity_token"=>"jCByC6reV/VuDTliiT4Ndqzq95jg+AC2ALBFdkYeXKA=", "zipcode_form"=>{"zipcode"=>""}, "commit"=>"Get Weather"}
Redirected to http://localhost:3000/weather
Completed 302 Found in 3ms (ActiveRecord: 0.0ms)


Started GET "/weather" for 127.0.0.1 at 2013-05-22 11:17:27 +1000
Processing by WeatherController#zipcode_inquiry as HTML
  Rendered weather/zipcode_inquiry.html.erb (3.9ms)
Completed 200 OK in 10ms (Views: 9.0ms | ActiveRecord: 0.0ms)
Connecting to database specified by database.yml


Started GET "/weather" for 127.0.0.1 at 2013-05-22 11:17:55 +1000
Processing by WeatherController#zipcode_inquiry as HTML
  Rendered weather/zipcode_inquiry.html.erb (28.3ms)
Completed 200 OK in 97ms (Views: 96.3ms | ActiveRecord: 0.0ms)


Started POST "/weather" for 127.0.0.1 at 2013-05-22 11:17:56 +1000
Processing by WeatherController#show_weather as HTML
  Parameters: {"utf8"=>"✓", "authenticity_token"=>"jCByC6reV/VuDTliiT4Ndqzq95jg+AC2ALBFdkYeXKA=", "zipcode_form"=>{"zipcode"=>""}, "commit"=>"Get Weather"}
Redirected to http://localhost:3000/weather
Completed 302 Found in 5ms (ActiveRecord: 0.0ms)


Started GET "/weather" for 127.0.0.1 at 2013-05-22 11:17:56 +1000
Processing by WeatherController#zipcode_inquiry as HTML
  Rendered weather/zipcode_inquiry.html.erb (1.8ms)
Completed 200 OK in 4ms (Views: 4.0ms | ActiveRecord: 0.0ms)


Started GET "/weather" for 127.0.0.1 at 2013-05-22 11:18:50 +1000

TypeError (wrong argument type Module (expected Class)):
  app/controllers/weather_controller.rb:1:in `<top (required)>'


  Rendered /home/lucy/.rvm/gems/ruby-1.9.3-p392/gems/actionpack-3.2.13/lib/action_dispatch/middleware/templates/rescues/_trace.erb (2.6ms)
  Rendered /home/lucy/.rvm/gems/ruby-1.9.3-p392/gems/actionpack-3.2.13/lib/action_dispatch/middleware/templates/rescues/_request_and_response.erb (2.0ms)
  Rendered /home/lucy/.rvm/gems/ruby-1.9.3-p392/gems/actionpack-3.2.13/lib/action_dispatch/middleware/templates/rescues/diagnostics.erb within rescues/layout (17.5ms)
Connecting to database specified by database.yml


Started GET "/weather" for 127.0.0.1 at 2013-05-22 11:19:36 +1000

TypeError (wrong argument type Module (expected Class)):
  app/controllers/weather_controller.rb:1:in `<top (required)>'


  Rendered /home/lucy/.rvm/gems/ruby-1.9.3-p392/gems/actionpack-3.2.13/lib/action_dispatch/middleware/templates/rescues/_trace.erb (2.6ms)
  Rendered /home/lucy/.rvm/gems/ruby-1.9.3-p392/gems/actionpack-3.2.13/lib/action_dispatch/middleware/templates/rescues/_request_and_response.erb (6.1ms)
  Rendered /home/lucy/.rvm/gems/ruby-1.9.3-p392/gems/actionpack-3.2.13/lib/action_dispatch/middleware/templates/rescues/diagnostics.erb within rescues/layout (24.9ms)


Started GET "/weather" for 127.0.0.1 at 2013-05-22 11:20:39 +1000
Processing by WeatherController#zipcode_inquiry as HTML
  Rendered weather/zipcode_inquiry.html.erb within layouts/application (9.2ms)
Compiled weather.css  (57ms)  (pid 20539)
Compiled application.css  (71ms)  (pid 20539)
Compiled jquery.js  (4ms)  (pid 20539)
Compiled jquery_ujs.js  (0ms)  (pid 20539)
Compiled weather.js  (132ms)  (pid 20539)
Compiled application.js  (229ms)  (pid 20539)
Completed 200 OK in 2813ms (Views: 2811.2ms | ActiveRecord: 0.0ms)


Started GET "/assets/weather.css?body=1" for 127.0.0.1 at 2013-05-22 11:20:42 +1000
Served asset /weather.css - 200 OK (9ms)


Started GET "/assets/application.css?body=1" for 127.0.0.1 at 2013-05-22 11:20:42 +1000
Served asset /application.css - 304 Not Modified (11ms)


Started GET "/assets/jquery.js?body=1" for 127.0.0.1 at 2013-05-22 11:20:42 +1000
Served asset /jquery.js - 304 Not Modified (12ms)


Started GET "/assets/weather.js?body=1" for 127.0.0.1 at 2013-05-22 11:20:42 +1000
Served asset /weather.js - 200 OK (6ms)


Started GET "/assets/application.js?body=1" for 127.0.0.1 at 2013-05-22 11:20:42 +1000
Served asset /application.js - 304 Not Modified (21ms)


Started GET "/assets/jquery_ujs.js?body=1" for 127.0.0.1 at 2013-05-22 11:20:42 +1000
Served asset /jquery_ujs.js - 304 Not Modified (9ms)


Started GET "/weather" for 127.0.0.1 at 2013-05-22 11:21:26 +1000
Processing by WeatherController#zipcode_inquiry as HTML
  Rendered weather/zipcode_inquiry.html.erb within layouts/application (4.3ms)
Completed 200 OK in 60ms (Views: 58.8ms | ActiveRecord: 0.0ms)


Started GET "/assets/application.css?body=1" for 127.0.0.1 at 2013-05-22 11:21:26 +1000
Served asset /application.css - 304 Not Modified (1ms)


Started GET "/assets/weather.css?body=1" for 127.0.0.1 at 2013-05-22 11:21:26 +1000
Served asset /weather.css - 304 Not Modified (0ms)


Started GET "/assets/jquery.js?body=1" for 127.0.0.1 at 2013-05-22 11:21:26 +1000
Served asset /jquery.js - 304 Not Modified (3ms)


Started GET "/assets/jquery_ujs.js?body=1" for 127.0.0.1 at 2013-05-22 11:21:26 +1000
Served asset /jquery_ujs.js - 304 Not Modified (0ms)


Started GET "/assets/weather.js?body=1" for 127.0.0.1 at 2013-05-22 11:21:26 +1000
Served asset /weather.js - 304 Not Modified (0ms)


Started GET "/assets/application.js?body=1" for 127.0.0.1 at 2013-05-22 11:21:26 +1000
Served asset /application.js - 304 Not Modified (7ms)


Started POST "/weather" for 127.0.0.1 at 2013-05-22 11:21:28 +1000
Processing by WeatherController#show_weather as HTML
  Parameters: {"utf8"=>"✓", "authenticity_token"=>"jCByC6reV/VuDTliiT4Ndqzq95jg+AC2ALBFdkYeXKA=", "zipcode_form"=>{"zipcode"=>""}, "commit"=>"Get Weather"}
Redirected to http://localhost:3000/weather
Completed 302 Found in 5ms (ActiveRecord: 0.0ms)


Started GET "/weather" for 127.0.0.1 at 2013-05-22 11:21:28 +1000
Processing by WeatherController#zipcode_inquiry as HTML
  Rendered weather/zipcode_inquiry.html.erb within layouts/application (3.9ms)
Completed 200 OK in 49ms (Views: 48.4ms | ActiveRecord: 0.0ms)


Started GET "/assets/application.css?body=1" for 127.0.0.1 at 2013-05-22 11:21:28 +1000
Served asset /application.css - 304 Not Modified (0ms)


Started GET "/assets/weather.js?body=1" for 127.0.0.1 at 2013-05-22 11:21:28 +1000
Served asset /weather.js - 304 Not Modified (7ms)


Started GET "/assets/weather.css?body=1" for 127.0.0.1 at 2013-05-22 11:21:28 +1000
Served asset /weather.css - 304 Not Modified (0ms)


Started GET "/assets/jquery.js?body=1" for 127.0.0.1 at 2013-05-22 11:21:28 +1000
Served asset /jquery.js - 304 Not Modified (1ms)


Started GET "/assets/jquery_ujs.js?body=1" for 127.0.0.1 at 2013-05-22 11:21:28 +1000
Served asset /jquery_ujs.js - 304 Not Modified (0ms)


Started GET "/assets/application.js?body=1" for 127.0.0.1 at 2013-05-22 11:21:28 +1000
Served asset /application.js - 304 Not Modified (4ms)


Started POST "/weather" for 127.0.0.1 at 2013-05-22 11:21:37 +1000
Processing by WeatherController#show_weather as HTML
  Parameters: {"utf8"=>"✓", "authenticity_token"=>"jCByC6reV/VuDTliiT4Ndqzq95jg+AC2ALBFdkYeXKA=", "zipcode_form"=>{"zipcode"=>"2218"}, "commit"=>"Get Weather"}
Redirected to http://localhost:3000/weather
Completed 302 Found in 2ms (ActiveRecord: 0.0ms)


Started GET "/weather" for 127.0.0.1 at 2013-05-22 11:21:37 +1000
Processing by WeatherController#zipcode_inquiry as HTML
  Rendered weather/zipcode_inquiry.html.erb within layouts/application (4.0ms)
Completed 200 OK in 49ms (Views: 48.7ms | ActiveRecord: 0.0ms)


Started GET "/assets/application.css?body=1" for 127.0.0.1 at 2013-05-22 11:21:37 +1000
Served asset /application.css - 304 Not Modified (0ms)


Started GET "/assets/weather.css?body=1" for 127.0.0.1 at 2013-05-22 11:21:37 +1000
Served asset /weather.css - 304 Not Modified (0ms)


Started GET "/assets/application.js?body=1" for 127.0.0.1 at 2013-05-22 11:21:37 +1000
Served asset /application.js - 304 Not Modified (11ms)


Started GET "/assets/weather.js?body=1" for 127.0.0.1 at 2013-05-22 11:21:37 +1000
Served asset /weather.js - 304 Not Modified (2ms)


Started GET "/assets/jquery.js?body=1" for 127.0.0.1 at 2013-05-22 11:21:37 +1000
Served asset /jquery.js - 304 Not Modified (1ms)


Started GET "/assets/jquery_ujs.js?body=1" for 127.0.0.1 at 2013-05-22 11:21:37 +1000
Served asset /jquery_ujs.js - 304 Not Modified (0ms)


Started POST "/weather" for 127.0.0.1 at 2013-05-22 11:21:40 +1000
Processing by WeatherController#show_weather as HTML
  Parameters: {"utf8"=>"✓", "authenticity_token"=>"jCByC6reV/VuDTliiT4Ndqzq95jg+AC2ALBFdkYeXKA=", "zipcode_form"=>{"zipcode"=>"22181"}, "commit"=>"Get Weather"}
Completed 500 Internal Server Error in 3094ms

ActionView::MissingTemplate (Missing template weather/show_weather, application/show_weather with {:locale=>[:en], :formats=>[:html], :handlers=>[:erb, :builder, :coffee]}. Searched in:
  * "/home/lucy/Desktop/weather/app/views"
):
  actionpack (3.2.13) lib/action_view/path_set.rb:58:in `find'
  actionpack (3.2.13) lib/action_view/lookup_context.rb:109:in `find'
  actionpack (3.2.13) lib/action_view/renderer/abstract_renderer.rb:3:in `find_template'
  actionpack (3.2.13) lib/action_view/renderer/template_renderer.rb:34:in `determine_template'
  actionpack (3.2.13) lib/action_view/renderer/template_renderer.rb:10:in `render'
  actionpack (3.2.13) lib/action_view/renderer/renderer.rb:36:in `render_template'
  actionpack (3.2.13) lib/action_view/renderer/renderer.rb:17:in `render'
  actionpack (3.2.13) lib/abstract_controller/rendering.rb:110:in `_render_template'
  actionpack (3.2.13) lib/action_controller/metal/streaming.rb:225:in `_render_template'
  actionpack (3.2.13) lib/abstract_controller/rendering.rb:103:in `render_to_body'
  actionpack (3.2.13) lib/action_controller/metal/renderers.rb:28:in `render_to_body'
  actionpack (3.2.13) lib/action_controller/metal/compatibility.rb:50:in `render_to_body'
  actionpack (3.2.13) lib/abstract_controller/rendering.rb:88:in `render'
  actionpack (3.2.13) lib/action_controller/metal/rendering.rb:16:in `render'
  actionpack (3.2.13) lib/action_controller/metal/instrumentation.rb:40:in `block (2 levels) in render'
  activesupport (3.2.13) lib/active_support/core_ext/benchmark.rb:5:in `block in ms'
  /home/lucy/.rvm/rubies/ruby-1.9.3-p392/lib/ruby/1.9.1/benchmark.rb:295:in `realtime'
  activesupport (3.2.13) lib/active_support/core_ext/benchmark.rb:5:in `ms'
  actionpack (3.2.13) lib/action_controller/metal/instrumentation.rb:40:in `block in render'
  actionpack (3.2.13) lib/action_controller/metal/instrumentation.rb:83:in `cleanup_view_runtime'
  activerecord (3.2.13) lib/active_record/railties/controller_runtime.rb:24:in `cleanup_view_runtime'
  actionpack (3.2.13) lib/action_controller/metal/instrumentation.rb:39:in `render'
  actionpack (3.2.13) lib/action_controller/metal/implicit_render.rb:10:in `default_render'
  actionpack (3.2.13) lib/action_controller/metal/implicit_render.rb:5:in `send_action'
  actionpack (3.2.13) lib/abstract_controller/base.rb:167:in `process_action'
  actionpack (3.2.13) lib/action_controller/metal/rendering.rb:10:in `process_action'
  actionpack (3.2.13) lib/abstract_controller/callbacks.rb:18:in `block in process_action'
  activesupport (3.2.13) lib/active_support/callbacks.rb:414:in `_run__443128173__process_action__406456600__callbacks'
  activesupport (3.2.13) lib/active_support/callbacks.rb:405:in `__run_callback'
  activesupport (3.2.13) lib/active_support/callbacks.rb:385:in `_run_process_action_callbacks'
  activesupport (3.2.13) lib/active_support/callbacks.rb:81:in `run_callbacks'
  actionpack (3.2.13) lib/abstract_controller/callbacks.rb:17:in `process_action'
  actionpack (3.2.13) lib/action_controller/metal/rescue.rb:29:in `process_action'
  actionpack (3.2.13) lib/action_controller/metal/instrumentation.rb:30:in `block in process_action'
  activesupport (3.2.13) lib/active_support/notifications.rb:123:in `block in instrument'
  activesupport (3.2.13) lib/active_support/notifications/instrumenter.rb:20:in `instrument'
  activesupport (3.2.13) lib/active_support/notifications.rb:123:in `instrument'
  actionpack (3.2.13) lib/action_controller/metal/instrumentation.rb:29:in `process_action'
  actionpack (3.2.13) lib/action_controller/metal/params_wrapper.rb:207:in `process_action'
  activerecord (3.2.13) lib/active_record/railties/controller_runtime.rb:18:in `process_action'
  actionpack (3.2.13) lib/abstract_controller/base.rb:121:in `process'
  actionpack (3.2.13) lib/abstract_controller/rendering.rb:45:in `process'
  actionpack (3.2.13) lib/action_controller/metal.rb:203:in `dispatch'
  actionpack (3.2.13) lib/action_controller/metal/rack_delegation.rb:14:in `dispatch'
  actionpack (3.2.13) lib/action_controller/metal.rb:246:in `block in action'
  actionpack (3.2.13) lib/action_dispatch/routing/route_set.rb:73:in `call'
  actionpack (3.2.13) lib/action_dispatch/routing/route_set.rb:73:in `dispatch'
  actionpack (3.2.13) lib/action_dispatch/routing/route_set.rb:36:in `call'
  journey (1.0.4) lib/journey/router.rb:68:in `block in call'
  journey (1.0.4) lib/journey/router.rb:56:in `each'
  journey (1.0.4) lib/journey/router.rb:56:in `call'
  actionpack (3.2.13) lib/action_dispatch/routing/route_set.rb:612:in `call'
  actionpack (3.2.13) lib/action_dispatch/middleware/best_standards_support.rb:17:in `call'
  rack (1.4.5) lib/rack/etag.rb:23:in `call'
  rack (1.4.5) lib/rack/conditionalget.rb:35:in `call'
  actionpack (3.2.13) lib/action_dispatch/middleware/head.rb:14:in `call'
  actionpack (3.2.13) lib/action_dispatch/middleware/params_parser.rb:21:in `call'
  actionpack (3.2.13) lib/action_dispatch/middleware/flash.rb:242:in `call'
  rack (1.4.5) lib/rack/session/abstract/id.rb:210:in `context'
  rack (1.4.5) lib/rack/session/abstract/id.rb:205:in `call'
  actionpack (3.2.13) lib/action_dispatch/middleware/cookies.rb:341:in `call'
  activerecord (3.2.13) lib/active_record/query_cache.rb:64:in `call'
  activerecord (3.2.13) lib/active_record/connection_adapters/abstract/connection_pool.rb:479:in `call'
  actionpack (3.2.13) lib/action_dispatch/middleware/callbacks.rb:28:in `block in call'
  activesupport (3.2.13) lib/active_support/callbacks.rb:405:in `_run__901969370__call__331888332__callbacks'
  activesupport (3.2.13) lib/active_support/callbacks.rb:405:in `__run_callback'
  activesupport (3.2.13) lib/active_support/callbacks.rb:385:in `_run_call_callbacks'
  activesupport (3.2.13) lib/active_support/callbacks.rb:81:in `run_callbacks'
  actionpack (3.2.13) lib/action_dispatch/middleware/callbacks.rb:27:in `call'
  actionpack (3.2.13) lib/action_dispatch/middleware/reloader.rb:65:in `call'
  actionpack (3.2.13) lib/action_dispatch/middleware/remote_ip.rb:31:in `call'
  actionpack (3.2.13) lib/action_dispatch/middleware/debug_exceptions.rb:16:in `call'
  actionpack (3.2.13) lib/action_dispatch/middleware/show_exceptions.rb:56:in `call'
  railties (3.2.13) lib/rails/rack/logger.rb:32:in `call_app'
  railties (3.2.13) lib/rails/rack/logger.rb:16:in `block in call'
  activesupport (3.2.13) lib/active_support/tagged_logging.rb:22:in `tagged'
  railties (3.2.13) lib/rails/rack/logger.rb:16:in `call'
  actionpack (3.2.13) lib/action_dispatch/middleware/request_id.rb:22:in `call'
  rack (1.4.5) lib/rack/methodoverride.rb:21:in `call'
  rack (1.4.5) lib/rack/runtime.rb:17:in `call'
  activesupport (3.2.13) lib/active_support/cache/strategy/local_cache.rb:72:in `call'
  rack (1.4.5) lib/rack/lock.rb:15:in `call'
  actionpack (3.2.13) lib/action_dispatch/middleware/static.rb:63:in `call'
  railties (3.2.13) lib/rails/engine.rb:479:in `call'
  railties (3.2.13) lib/rails/application.rb:223:in `call'
  rack (1.4.5) lib/rack/content_length.rb:14:in `call'
  railties (3.2.13) lib/rails/rack/log_tailer.rb:17:in `call'
  rack (1.4.5) lib/rack/handler/webrick.rb:59:in `service'
  /home/lucy/.rvm/rubies/ruby-1.9.3-p392/lib/ruby/1.9.1/webrick/httpserver.rb:138:in `service'
  /home/lucy/.rvm/rubies/ruby-1.9.3-p392/lib/ruby/1.9.1/webrick/httpserver.rb:94:in `run'
  /home/lucy/.rvm/rubies/ruby-1.9.3-p392/lib/ruby/1.9.1/webrick/server.rb:191:in `block in start_thread'


  Rendered /home/lucy/.rvm/gems/ruby-1.9.3-p392/gems/actionpack-3.2.13/lib/action_dispatch/middleware/templates/rescues/missing_template.erb within rescues/layout (1.2ms)


Started POST "/weather" for 127.0.0.1 at 2013-05-22 11:22:51 +1000
Processing by WeatherController#show_weather as HTML
  Parameters: {"utf8"=>"✓", "authenticity_token"=>"jCByC6reV/VuDTliiT4Ndqzq95jg+AC2ALBFdkYeXKA=", "zipcode_form"=>{"zipcode"=>"22181"}, "commit"=>"Get Weather"}
  Rendered weather/show_weather.html.erb within layouts/application (3.7ms)
Completed 200 OK in 2313ms (Views: 75.1ms | ActiveRecord: 0.0ms)


Started GET "/assets/application.css?body=1" for 127.0.0.1 at 2013-05-22 11:22:53 +1000
Served asset /application.css - 304 Not Modified (0ms)


Started GET "/assets/weather.css?body=1" for 127.0.0.1 at 2013-05-22 11:22:53 +1000
Served asset /weather.css - 304 Not Modified (21ms)


Started GET "/assets/weather.js?body=1" for 127.0.0.1 at 2013-05-22 11:22:54 +1000
Served asset /weather.js - 304 Not Modified (0ms)


Started GET "/assets/application.js?body=1" for 127.0.0.1 at 2013-05-22 11:22:54 +1000
Served asset /application.js - 304 Not Modified (2ms)


Started GET "/assets/jquery.js?body=1" for 127.0.0.1 at 2013-05-22 11:22:54 +1000
Served asset /jquery.js - 304 Not Modified (1ms)


Started GET "/assets/jquery_ujs.js?body=1" for 127.0.0.1 at 2013-05-22 11:22:54 +1000
Served asset /jquery_ujs.js - 304 Not Modified (0ms)
Connecting to database specified by database.yml


Started GET "/weather" for 127.0.0.1 at 2013-05-22 11:25:41 +1000
Processing by WeatherController#zipcode_inquiry as HTML
  Rendered weather/zipcode_inquiry.html.erb within layouts/application (15.3ms)
Completed 200 OK in 126ms (Views: 124.9ms | ActiveRecord: 0.0ms)


Started GET "/assets/application.css?body=1" for 127.0.0.1 at 2013-05-22 11:25:41 +1000
Served asset /application.css - 304 Not Modified (4ms)


Started GET "/assets/weather.css?body=1" for 127.0.0.1 at 2013-05-22 11:25:41 +1000
Served asset /weather.css - 304 Not Modified (13ms)


Started GET "/assets/jquery.js?body=1" for 127.0.0.1 at 2013-05-22 11:25:41 +1000
Served asset /jquery.js - 304 Not Modified (77ms)


Started GET "/assets/jquery_ujs.js?body=1" for 127.0.0.1 at 2013-05-22 11:25:41 +1000
Served asset /jquery_ujs.js - 304 Not Modified (3ms)


Started GET "/assets/application.js?body=1" for 127.0.0.1 at 2013-05-22 11:25:41 +1000
Served asset /application.js - 304 Not Modified (14ms)


Started GET "/assets/weather.js?body=1" for 127.0.0.1 at 2013-05-22 11:25:41 +1000
Served asset /weather.js - 304 Not Modified (2ms)


Started POST "/weather" for 127.0.0.1 at 2013-05-22 11:25:46 +1000
Processing by WeatherController#show_weather as HTML
  Parameters: {"utf8"=>"✓", "authenticity_token"=>"jCByC6reV/VuDTliiT4Ndqzq95jg+AC2ALBFdkYeXKA=", "zipcode_form"=>{"zipcode"=>"22181"}, "commit"=>"Get Weather"}
Completed   in 315215ms
Connecting to database specified by database.yml


Started GET "/weather" for 127.0.0.1 at 2013-05-22 11:31:42 +1000
Processing by WeatherController#zipcode_inquiry as HTML
  Rendered weather/zipcode_inquiry.html.erb within layouts/application (15.4ms)
Completed 200 OK in 122ms (Views: 120.8ms | ActiveRecord: 0.0ms)


Started GET "/assets/application.css?body=1" for 127.0.0.1 at 2013-05-22 11:31:42 +1000
Served asset /application.css - 304 Not Modified (10ms)


Started GET "/assets/weather.css?body=1" for 127.0.0.1 at 2013-05-22 11:31:42 +1000
Served asset /weather.css - 304 Not Modified (6ms)


Started GET "/assets/jquery.js?body=1" for 127.0.0.1 at 2013-05-22 11:31:42 +1000
Served asset /jquery.js - 304 Not Modified (70ms)


Started GET "/assets/jquery_ujs.js?body=1" for 127.0.0.1 at 2013-05-22 11:31:42 +1000
Served asset /jquery_ujs.js - 304 Not Modified (3ms)


Started GET "/assets/weather.js?body=1" for 127.0.0.1 at 2013-05-22 11:31:42 +1000
Served asset /weather.js - 304 Not Modified (7ms)


Started GET "/assets/application.js?body=1" for 127.0.0.1 at 2013-05-22 11:31:42 +1000
Served asset /application.js - 304 Not Modified (11ms)


Started POST "/weather" for 127.0.0.1 at 2013-05-22 11:31:47 +1000
Processing by WeatherController#show_weather as HTML
  Parameters: {"utf8"=>"✓", "authenticity_token"=>"jCByC6reV/VuDTliiT4Ndqzq95jg+AC2ALBFdkYeXKA=", "zipcode_form"=>{"zipcode"=>"22181"}, "commit"=>"Get Weather"}
  Rendered weather/show_weather.html.erb within layouts/application (2.8ms)
Completed 200 OK in 45644ms (Views: 59.1ms | ActiveRecord: 0.0ms)


Started GET "/assets/application.css?body=1" for 127.0.0.1 at 2013-05-22 11:32:33 +1000
Served asset /application.css - 304 Not Modified (44ms)


Started GET "/assets/jquery.js?body=1" for 127.0.0.1 at 2013-05-22 11:32:33 +1000
Served asset /jquery.js - 304 Not Modified (1ms)


Started GET "/assets/weather.js?body=1" for 127.0.0.1 at 2013-05-22 11:32:33 +1000
Served asset /weather.js - 304 Not Modified (0ms)


Started GET "/assets/jquery_ujs.js?body=1" for 127.0.0.1 at 2013-05-22 11:32:33 +1000
Served asset /jquery_ujs.js - 304 Not Modified (0ms)


Started GET "/assets/application.js?body=1" for 127.0.0.1 at 2013-05-22 11:32:33 +1000
Served asset /application.js - 304 Not Modified (2ms)


Started GET "/assets/weather.css?body=1" for 127.0.0.1 at 2013-05-22 11:32:33 +1000
Served asset /weather.css - 304 Not Modified (0ms)


Started POST "/weather" for 127.0.0.1 at 2013-05-22 11:33:50 +1000
Processing by WeatherController#show_weather as HTML
  Parameters: {"utf8"=>"✓", "authenticity_token"=>"jCByC6reV/VuDTliiT4Ndqzq95jg+AC2ALBFdkYeXKA=", "zipcode_form"=>{"zipcode"=>"22181"}, "commit"=>"Get Weather"}
  Rendered weather/show_weather.html.erb within layouts/application (1.7ms)
Completed 200 OK in 1812ms (Views: 60.8ms | ActiveRecord: 0.0ms)


Started GET "/assets/application.css?body=1" for 127.0.0.1 at 2013-05-22 11:33:52 +1000
Served asset /application.css - 304 Not Modified (45ms)


Started GET "/assets/weather.css?body=1" for 127.0.0.1 at 2013-05-22 11:33:52 +1000
Served asset /weather.css - 304 Not Modified (0ms)


Started GET "/assets/jquery.js?body=1" for 127.0.0.1 at 2013-05-22 11:33:52 +1000
Served asset /jquery.js - 304 Not Modified (1ms)


Started GET "/assets/jquery_ujs.js?body=1" for 127.0.0.1 at 2013-05-22 11:33:52 +1000
Served asset /jquery_ujs.js - 304 Not Modified (0ms)


Started GET "/assets/weather.js?body=1" for 127.0.0.1 at 2013-05-22 11:33:52 +1000
Served asset /weather.js - 304 Not Modified (0ms)


Started GET "/assets/application.js?body=1" for 127.0.0.1 at 2013-05-22 11:33:52 +1000
Served asset /application.js - 304 Not Modified (2ms)


Started POST "/weather" for 127.0.0.1 at 2013-05-22 11:34:03 +1000
Processing by WeatherController#show_weather as HTML
  Parameters: {"utf8"=>"✓", "authenticity_token"=>"jCByC6reV/VuDTliiT4Ndqzq95jg+AC2ALBFdkYeXKA=", "zipcode_form"=>{"zipcode"=>"22181"}, "commit"=>"Get Weather"}
  Rendered weather/show_weather.html.erb within layouts/application (1.5ms)
Completed 200 OK in 1425ms (Views: 53.7ms | ActiveRecord: 0.0ms)


Started GET "/assets/application.css?body=1" for 127.0.0.1 at 2013-05-22 11:34:04 +1000
Served asset /application.css - 304 Not Modified (19ms)


Started GET "/assets/weather.css?body=1" for 127.0.0.1 at 2013-05-22 11:34:04 +1000
Served asset /weather.css - 304 Not Modified (13ms)


Started GET "/assets/jquery.js?body=1" for 127.0.0.1 at 2013-05-22 11:34:04 +1000
Served asset /jquery.js - 304 Not Modified (1ms)


Started GET "/assets/jquery_ujs.js?body=1" for 127.0.0.1 at 2013-05-22 11:34:04 +1000
Served asset /jquery_ujs.js - 304 Not Modified (0ms)


Started GET "/assets/application.js?body=1" for 127.0.0.1 at 2013-05-22 11:34:04 +1000
Served asset /application.js - 304 Not Modified (4ms)


Started GET "/assets/weather.js?body=1" for 127.0.0.1 at 2013-05-22 11:34:04 +1000
Served asset /weather.js - 304 Not Modified (0ms)


Started GET "/weather" for 127.0.0.1 at 2013-05-22 11:34:45 +1000
Processing by WeatherController#zipcode_inquiry as HTML
  Rendered weather/zipcode_inquiry.html.erb within layouts/application (4.7ms)
Completed 200 OK in 112ms (Views: 110.1ms | ActiveRecord: 0.0ms)


Started GET "/assets/application.css?body=1" for 127.0.0.1 at 2013-05-22 11:34:45 +1000
Served asset /application.css - 304 Not Modified (16ms)


Started GET "/assets/weather.css?body=1" for 127.0.0.1 at 2013-05-22 11:34:45 +1000
Served asset /weather.css - 304 Not Modified (1ms)


Started GET "/assets/jquery.js?body=1" for 127.0.0.1 at 2013-05-22 11:34:45 +1000
Served asset /jquery.js - 304 Not Modified (2ms)


Started GET "/assets/application.js?body=1" for 127.0.0.1 at 2013-05-22 11:34:45 +1000
Served asset /application.js - 304 Not Modified (2ms)


Started GET "/assets/weather.js?body=1" for 127.0.0.1 at 2013-05-22 11:34:45 +1000
Served asset /weather.js - 304 Not Modified (0ms)


Started GET "/assets/jquery_ujs.js?body=1" for 127.0.0.1 at 2013-05-22 11:34:45 +1000
Served asset /jquery_ujs.js - 304 Not Modified (0ms)


Started POST "/weather" for 127.0.0.1 at 2013-05-22 11:35:39 +1000
Processing by WeatherController#show_weather as HTML
  Parameters: {"utf8"=>"✓", "authenticity_token"=>"jCByC6reV/VuDTliiT4Ndqzq95jg+AC2ALBFdkYeXKA=", "zipcode_form"=>{"zipcode"=>"22080"}, "commit"=>"Get Weather"}
Completed 500 Internal Server Error in 569ms

NoMethodError (undefined method `[]' for nil:NilClass):
  app/controllers/weather_controller.rb:25:in `show_weather'


  Rendered /home/lucy/.rvm/gems/ruby-1.9.3-p392/gems/actionpack-3.2.13/lib/action_dispatch/middleware/templates/rescues/_trace.erb (4.2ms)
  Rendered /home/lucy/.rvm/gems/ruby-1.9.3-p392/gems/actionpack-3.2.13/lib/action_dispatch/middleware/templates/rescues/_request_and_response.erb (3.4ms)
  Rendered /home/lucy/.rvm/gems/ruby-1.9.3-p392/gems/actionpack-3.2.13/lib/action_dispatch/middleware/templates/rescues/diagnostics.erb within rescues/layout (22.0ms)


Started POST "/weather" for 127.0.0.1 at 2013-05-22 11:35:46 +1000
Processing by WeatherController#show_weather as HTML
  Parameters: {"utf8"=>"✓", "authenticity_token"=>"jCByC6reV/VuDTliiT4Ndqzq95jg+AC2ALBFdkYeXKA=", "zipcode_form"=>{"zipcode"=>"22181"}, "commit"=>"Get Weather"}
  Rendered weather/show_weather.html.erb within layouts/application (0.3ms)
Completed 200 OK in 34643ms (Views: 52.5ms | ActiveRecord: 0.0ms)


Started GET "/assets/application.css?body=1" for 127.0.0.1 at 2013-05-22 11:36:21 +1000
Served asset /application.css - 304 Not Modified (10ms)


Started GET "/assets/weather.css?body=1" for 127.0.0.1 at 2013-05-22 11:36:21 +1000
Served asset /weather.css - 304 Not Modified (0ms)


Started GET "/assets/jquery.js?body=1" for 127.0.0.1 at 2013-05-22 11:36:21 +1000
Served asset /jquery.js - 304 Not Modified (1ms)


Started GET "/assets/application.js?body=1" for 127.0.0.1 at 2013-05-22 11:36:21 +1000
Served asset /application.js - 304 Not Modified (4ms)


Started GET "/assets/weather.js?body=1" for 127.0.0.1 at 2013-05-22 11:36:21 +1000
Served asset /weather.js - 304 Not Modified (0ms)


Started GET "/assets/jquery_ujs.js?body=1" for 127.0.0.1 at 2013-05-22 11:36:21 +1000
Served asset /jquery_ujs.js - 304 Not Modified (0ms)


Started GET "/weather" for 127.0.0.1 at 2013-05-22 11:36:25 +1000
Processing by WeatherController#zipcode_inquiry as HTML
  Rendered weather/zipcode_inquiry.html.erb within layouts/application (4.3ms)
Completed 200 OK in 124ms (Views: 122.1ms | ActiveRecord: 0.0ms)


Started GET "/assets/application.css?body=1" for 127.0.0.1 at 2013-05-22 11:36:25 +1000
Served asset /application.css - 304 Not Modified (1ms)


Started GET "/assets/weather.css?body=1" for 127.0.0.1 at 2013-05-22 11:36:25 +1000
Served asset /weather.css - 304 Not Modified (0ms)


Started GET "/assets/jquery.js?body=1" for 127.0.0.1 at 2013-05-22 11:36:25 +1000
Served asset /jquery.js - 304 Not Modified (1ms)


Started GET "/assets/jquery_ujs.js?body=1" for 127.0.0.1 at 2013-05-22 11:36:25 +1000
Served asset /jquery_ujs.js - 304 Not Modified (0ms)


Started GET "/assets/weather.js?body=1" for 127.0.0.1 at 2013-05-22 11:36:25 +1000
Served asset /weather.js - 304 Not Modified (0ms)


Started GET "/assets/application.js?body=1" for 127.0.0.1 at 2013-05-22 11:36:25 +1000
Served asset /application.js - 304 Not Modified (8ms)


Started POST "/weather" for 127.0.0.1 at 2013-05-22 11:36:28 +1000
Processing by WeatherController#show_weather as HTML
  Parameters: {"utf8"=>"✓", "authenticity_token"=>"jCByC6reV/VuDTliiT4Ndqzq95jg+AC2ALBFdkYeXKA=", "zipcode_form"=>{"zipcode"=>"22808"}, "commit"=>"Get Weather"}
Completed 500 Internal Server Error in 580ms

Wunderground::APIError (querynotfound: No cities match your search query)):
  app/controllers/weather_controller.rb:23:in `show_weather'


  Rendered /home/lucy/.rvm/gems/ruby-1.9.3-p392/gems/actionpack-3.2.13/lib/action_dispatch/middleware/templates/rescues/_trace.erb (4.1ms)
  Rendered /home/lucy/.rvm/gems/ruby-1.9.3-p392/gems/actionpack-3.2.13/lib/action_dispatch/middleware/templates/rescues/_request_and_response.erb (3.2ms)
  Rendered /home/lucy/.rvm/gems/ruby-1.9.3-p392/gems/actionpack-3.2.13/lib/action_dispatch/middleware/templates/rescues/diagnostics.erb within rescues/layout (20.2ms)


Started GET "/weather" for 127.0.0.1 at 2013-05-22 11:40:51 +1000
Processing by WeatherController#zipcode_inquiry as HTML
  Rendered weather/zipcode_inquiry.html.erb within layouts/application (5.2ms)
Completed 200 OK in 60ms (Views: 58.8ms | ActiveRecord: 0.0ms)


Started GET "/assets/application.css?body=1" for 127.0.0.1 at 2013-05-22 11:40:51 +1000
Served asset /application.css - 304 Not Modified (7ms)


Started GET "/assets/weather.css?body=1" for 127.0.0.1 at 2013-05-22 11:40:51 +1000
Served asset /weather.css - 304 Not Modified (0ms)


Started GET "/assets/application.js?body=1" for 127.0.0.1 at 2013-05-22 11:40:51 +1000
Served asset /application.js - 304 Not Modified (2ms)


Started GET "/assets/jquery.js?body=1" for 127.0.0.1 at 2013-05-22 11:40:51 +1000
Served asset /jquery.js - 304 Not Modified (1ms)


Started GET "/assets/jquery_ujs.js?body=1" for 127.0.0.1 at 2013-05-22 11:40:51 +1000
Served asset /jquery_ujs.js - 304 Not Modified (1ms)


Started GET "/assets/weather.js?body=1" for 127.0.0.1 at 2013-05-22 11:40:51 +1000
Served asset /weather.js - 304 Not Modified (0ms)


Started POST "/weather" for 127.0.0.1 at 2013-05-22 11:40:56 +1000
Processing by WeatherController#show_weather as HTML
  Parameters: {"utf8"=>"✓", "authenticity_token"=>"jCByC6reV/VuDTliiT4Ndqzq95jg+AC2ALBFdkYeXKA=", "zipcode_form"=>{"zipcode"=>"22080"}, "commit"=>"Get Weather"}
Redirected to http://localhost:3000/weather
Completed 302 Found in 38397ms (ActiveRecord: 0.0ms)


Started GET "/weather" for 127.0.0.1 at 2013-05-22 11:41:34 +1000
Processing by WeatherController#zipcode_inquiry as HTML
  Rendered weather/zipcode_inquiry.html.erb within layouts/application (4.1ms)
Completed 200 OK in 53ms (Views: 51.7ms | ActiveRecord: 0.0ms)


Started GET "/assets/application.css?body=1" for 127.0.0.1 at 2013-05-22 11:41:35 +1000
Served asset /application.css - 304 Not Modified (8ms)


Started GET "/assets/jquery_ujs.js?body=1" for 127.0.0.1 at 2013-05-22 11:41:35 +1000
Served asset /jquery_ujs.js - 304 Not Modified (0ms)


Started GET "/assets/jquery.js?body=1" for 127.0.0.1 at 2013-05-22 11:41:35 +1000
Served asset /jquery.js - 304 Not Modified (2ms)


Started GET "/assets/weather.css?body=1" for 127.0.0.1 at 2013-05-22 11:41:35 +1000
Served asset /weather.css - 304 Not Modified (0ms)


Started GET "/assets/application.js?body=1" for 127.0.0.1 at 2013-05-22 11:41:35 +1000
Served asset /application.js - 304 Not Modified (2ms)


Started GET "/assets/weather.js?body=1" for 127.0.0.1 at 2013-05-22 11:41:35 +1000
Served asset /weather.js - 304 Not Modified (1ms)


Started POST "/weather" for 127.0.0.1 at 2013-05-22 11:41:42 +1000
Processing by WeatherController#show_weather as HTML
  Parameters: {"utf8"=>"✓", "authenticity_token"=>"jCByC6reV/VuDTliiT4Ndqzq95jg+AC2ALBFdkYeXKA=", "zipcode_form"=>{"zipcode"=>"22080"}, "commit"=>"Get Weather"}
Redirected to http://localhost:3000/weather
Completed 302 Found in 200031ms (ActiveRecord: 0.0ms)


Started GET "/weather" for 127.0.0.1 at 2013-05-22 11:45:02 +1000
Processing by WeatherController#zipcode_inquiry as HTML
  Rendered weather/zipcode_inquiry.html.erb within layouts/application (4.1ms)
Completed 200 OK in 53ms (Views: 51.9ms | ActiveRecord: 0.0ms)


Started GET "/assets/application.css?body=1" for 127.0.0.1 at 2013-05-22 11:45:02 +1000
Served asset /application.css - 304 Not Modified (0ms)


Started GET "/assets/weather.css?body=1" for 127.0.0.1 at 2013-05-22 11:45:02 +1000
Served asset /weather.css - 304 Not Modified (0ms)


Started GET "/assets/jquery_ujs.js?body=1" for 127.0.0.1 at 2013-05-22 11:45:03 +1000
Served asset /jquery_ujs.js - 304 Not Modified (0ms)


Started GET "/assets/jquery.js?body=1" for 127.0.0.1 at 2013-05-22 11:45:03 +1000
Served asset /jquery.js - 304 Not Modified (1ms)


Started GET "/assets/weather.js?body=1" for 127.0.0.1 at 2013-05-22 11:45:03 +1000
Served asset /weather.js - 304 Not Modified (0ms)


Started GET "/assets/application.js?body=1" for 127.0.0.1 at 2013-05-22 11:45:03 +1000
Served asset /application.js - 304 Not Modified (2ms)


Started GET "/weather" for 127.0.0.1 at 2013-05-22 11:45:04 +1000
Processing by WeatherController#zipcode_inquiry as HTML
  Rendered weather/zipcode_inquiry.html.erb within layouts/application (6.8ms)
Completed 200 OK in 136ms (Views: 134.6ms | ActiveRecord: 0.0ms)


Started GET "/assets/application.css?body=1" for 127.0.0.1 at 2013-05-22 11:45:05 +1000
Served asset /application.css - 304 Not Modified (0ms)


Started GET "/assets/weather.css?body=1" for 127.0.0.1 at 2013-05-22 11:45:05 +1000
Served asset /weather.css - 304 Not Modified (1ms)


Started GET "/assets/jquery.js?body=1" for 127.0.0.1 at 2013-05-22 11:45:05 +1000
Served asset /jquery.js - 304 Not Modified (1ms)


Started GET "/assets/jquery_ujs.js?body=1" for 127.0.0.1 at 2013-05-22 11:45:05 +1000
Served asset /jquery_ujs.js - 304 Not Modified (0ms)


Started GET "/assets/weather.js?body=1" for 127.0.0.1 at 2013-05-22 11:45:05 +1000
Served asset /weather.js - 304 Not Modified (0ms)


Started GET "/assets/application.js?body=1" for 127.0.0.1 at 2013-05-22 11:45:05 +1000
Served asset /application.js - 304 Not Modified (2ms)


Started POST "/weather" for 127.0.0.1 at 2013-05-22 11:45:10 +1000
Processing by WeatherController#show_weather as HTML
  Parameters: {"utf8"=>"✓", "authenticity_token"=>"jCByC6reV/VuDTliiT4Ndqzq95jg+AC2ALBFdkYeXKA=", "zipcode_form"=>{"zipcode"=>"22181"}, "commit"=>"Get Weather"}
Completed 500 Internal Server Error in 361ms

Timeout::Error (Timeout::Error):
  app/controllers/weather_controller.rb:25:in `show_weather'


  Rendered /home/lucy/.rvm/gems/ruby-1.9.3-p392/gems/actionpack-3.2.13/lib/action_dispatch/middleware/templates/rescues/_trace.erb (4.5ms)
  Rendered /home/lucy/.rvm/gems/ruby-1.9.3-p392/gems/actionpack-3.2.13/lib/action_dispatch/middleware/templates/rescues/_request_and_response.erb (3.3ms)
  Rendered /home/lucy/.rvm/gems/ruby-1.9.3-p392/gems/actionpack-3.2.13/lib/action_dispatch/middleware/templates/rescues/diagnostics.erb within rescues/layout (20.4ms)


Started POST "/weather" for 127.0.0.1 at 2013-05-22 11:45:43 +1000
Processing by WeatherController#show_weather as HTML
  Parameters: {"utf8"=>"✓", "authenticity_token"=>"jCByC6reV/VuDTliiT4Ndqzq95jg+AC2ALBFdkYeXKA=", "zipcode_form"=>{"zipcode"=>"22181"}, "commit"=>"Get Weather"}
Completed 500 Internal Server Error in 19091ms

NoMethodError (undefined method `[]' for nil:NilClass):
  app/controllers/weather_controller.rb:40:in `show_weather'


  Rendered /home/lucy/.rvm/gems/ruby-1.9.3-p392/gems/actionpack-3.2.13/lib/action_dispatch/middleware/templates/rescues/_trace.erb (4.1ms)
  Rendered /home/lucy/.rvm/gems/ruby-1.9.3-p392/gems/actionpack-3.2.13/lib/action_dispatch/middleware/templates/rescues/_request_and_response.erb (3.3ms)
  Rendered /home/lucy/.rvm/gems/ruby-1.9.3-p392/gems/actionpack-3.2.13/lib/action_dispatch/middleware/templates/rescues/diagnostics.erb within rescues/layout (21.0ms)


Started GET "/weather" for 127.0.0.1 at 2013-05-22 11:46:26 +1000
Processing by WeatherController#zipcode_inquiry as HTML
  Rendered weather/zipcode_inquiry.html.erb within layouts/application (5.2ms)
Completed 200 OK in 128ms (Views: 126.6ms | ActiveRecord: 0.0ms)


Started GET "/assets/application.css?body=1" for 127.0.0.1 at 2013-05-22 11:46:26 +1000
Served asset /application.css - 304 Not Modified (1ms)


Started GET "/assets/jquery.js?body=1" for 127.0.0.1 at 2013-05-22 11:46:26 +1000
Served asset /jquery.js - 304 Not Modified (1ms)


Started GET "/assets/jquery_ujs.js?body=1" for 127.0.0.1 at 2013-05-22 11:46:26 +1000
Served asset /jquery_ujs.js - 304 Not Modified (0ms)


Started GET "/assets/weather.css?body=1" for 127.0.0.1 at 2013-05-22 11:46:26 +1000
Served asset /weather.css - 304 Not Modified (0ms)


Started GET "/assets/weather.js?body=1" for 127.0.0.1 at 2013-05-22 11:46:26 +1000
Served asset /weather.js - 304 Not Modified (0ms)


Started GET "/assets/application.js?body=1" for 127.0.0.1 at 2013-05-22 11:46:26 +1000
Served asset /application.js - 304 Not Modified (3ms)


Started POST "/weather" for 127.0.0.1 at 2013-05-22 11:46:30 +1000
Processing by WeatherController#show_weather as HTML
  Parameters: {"utf8"=>"✓", "authenticity_token"=>"jCByC6reV/VuDTliiT4Ndqzq95jg+AC2ALBFdkYeXKA=", "zipcode_form"=>{"zipcode"=>"22181"}, "commit"=>"Get Weather"}
Redirected to http://localhost:3000/weather
Completed 302 Found in 3995ms (ActiveRecord: 0.0ms)


Started GET "/weather" for 127.0.0.1 at 2013-05-22 11:46:34 +1000
Processing by WeatherController#zipcode_inquiry as HTML
  Rendered weather/zipcode_inquiry.html.erb within layouts/application (4.2ms)
Completed 200 OK in 51ms (Views: 50.3ms | ActiveRecord: 0.0ms)


Started GET "/assets/application.css?body=1" for 127.0.0.1 at 2013-05-22 11:46:34 +1000
Served asset /application.css - 304 Not Modified (0ms)


Started GET "/assets/weather.css?body=1" for 127.0.0.1 at 2013-05-22 11:46:34 +1000
Served asset /weather.css - 304 Not Modified (0ms)


Started GET "/assets/jquery.js?body=1" for 127.0.0.1 at 2013-05-22 11:46:34 +1000
Served asset /jquery.js - 304 Not Modified (1ms)


Started GET "/assets/jquery_ujs.js?body=1" for 127.0.0.1 at 2013-05-22 11:46:34 +1000
Served asset /jquery_ujs.js - 304 Not Modified (10ms)


Started GET "/assets/weather.js?body=1" for 127.0.0.1 at 2013-05-22 11:46:34 +1000
Served asset /weather.js - 304 Not Modified (2ms)


Started GET "/assets/application.js?body=1" for 127.0.0.1 at 2013-05-22 11:46:34 +1000
Served asset /application.js - 304 Not Modified (3ms)


Started POST "/weather" for 127.0.0.1 at 2013-05-22 11:49:56 +1000
Processing by WeatherController#show_weather as HTML
  Parameters: {"utf8"=>"✓", "authenticity_token"=>"jCByC6reV/VuDTliiT4Ndqzq95jg+AC2ALBFdkYeXKA=", "zipcode_form"=>{"zipcode"=>"22080"}, "commit"=>"Get Weather"}
Redirected to http://localhost:3000/weather
Completed 302 Found in 764ms (ActiveRecord: 0.0ms)


Started GET "/weather" for 127.0.0.1 at 2013-05-22 11:49:57 +1000
Processing by WeatherController#zipcode_inquiry as HTML
  Rendered weather/zipcode_inquiry.html.erb within layouts/application (5.2ms)
Completed 200 OK in 118ms (Views: 116.9ms | ActiveRecord: 0.0ms)


Started GET "/assets/application.css?body=1" for 127.0.0.1 at 2013-05-22 11:49:57 +1000
Served asset /application.css - 304 Not Modified (0ms)


Started GET "/assets/application.js?body=1" for 127.0.0.1 at 2013-05-22 11:49:57 +1000
Served asset /application.js - 304 Not Modified (2ms)


Started GET "/assets/weather.js?body=1" for 127.0.0.1 at 2013-05-22 11:49:57 +1000
Served asset /weather.js - 304 Not Modified (0ms)


Started GET "/assets/jquery.js?body=1" for 127.0.0.1 at 2013-05-22 11:49:57 +1000
Served asset /jquery.js - 304 Not Modified (2ms)


Started GET "/assets/jquery_ujs.js?body=1" for 127.0.0.1 at 2013-05-22 11:49:57 +1000
Served asset /jquery_ujs.js - 304 Not Modified (0ms)


Started GET "/assets/weather.css?body=1" for 127.0.0.1 at 2013-05-22 11:49:57 +1000
Served asset /weather.css - 304 Not Modified (0ms)


Started POST "/weather" for 127.0.0.1 at 2013-05-22 11:50:25 +1000
Processing by WeatherController#show_weather as HTML
  Parameters: {"utf8"=>"✓", "authenticity_token"=>"jCByC6reV/VuDTliiT4Ndqzq95jg+AC2ALBFdkYeXKA=", "zipcode_form"=>{"zipcode"=>"22181"}, "commit"=>"Get Weather"}
Redirected to http://localhost:3000/weather
Completed 302 Found in 552ms (ActiveRecord: 0.0ms)


Started GET "/weather" for 127.0.0.1 at 2013-05-22 11:50:25 +1000
Processing by WeatherController#zipcode_inquiry as HTML
  Rendered weather/zipcode_inquiry.html.erb within layouts/application (4.2ms)
Completed 200 OK in 53ms (Views: 51.9ms | ActiveRecord: 0.0ms)


Started GET "/assets/application.css?body=1" for 127.0.0.1 at 2013-05-22 11:50:26 +1000
Served asset /application.css - 304 Not Modified (0ms)


Started GET "/assets/weather.css?body=1" for 127.0.0.1 at 2013-05-22 11:50:26 +1000
Served asset /weather.css - 304 Not Modified (0ms)


Started GET "/assets/jquery.js?body=1" for 127.0.0.1 at 2013-05-22 11:50:26 +1000
Served asset /jquery.js - 304 Not Modified (1ms)


Started GET "/assets/jquery_ujs.js?body=1" for 127.0.0.1 at 2013-05-22 11:50:26 +1000
Served asset /jquery_ujs.js - 304 Not Modified (0ms)


Started GET "/assets/weather.js?body=1" for 127.0.0.1 at 2013-05-22 11:50:26 +1000
Served asset /weather.js - 304 Not Modified (0ms)


Started GET "/assets/application.js?body=1" for 127.0.0.1 at 2013-05-22 11:50:26 +1000
Served asset /application.js - 304 Not Modified (3ms)


Started POST "/weather" for 127.0.0.1 at 2013-05-22 11:50:57 +1000
Processing by WeatherController#show_weather as HTML
  Parameters: {"utf8"=>"✓", "authenticity_token"=>"jCByC6reV/VuDTliiT4Ndqzq95jg+AC2ALBFdkYeXKA=", "zipcode_form"=>{"zipcode"=>"22080"}, "commit"=>"Get Weather"}
Redirected to http://localhost:3000/weather
Completed 302 Found in 365ms (ActiveRecord: 0.0ms)


Started GET "/weather" for 127.0.0.1 at 2013-05-22 11:50:57 +1000
Processing by WeatherController#zipcode_inquiry as HTML
  Rendered weather/zipcode_inquiry.html.erb within layouts/application (4.6ms)
Completed 200 OK in 122ms (Views: 120.9ms | ActiveRecord: 0.0ms)


Started GET "/assets/application.css?body=1" for 127.0.0.1 at 2013-05-22 11:50:57 +1000
Served asset /application.css - 304 Not Modified (0ms)


Started GET "/assets/application.js?body=1" for 127.0.0.1 at 2013-05-22 11:50:57 +1000
Served asset /application.js - 304 Not Modified (2ms)


Started GET "/assets/weather.js?body=1" for 127.0.0.1 at 2013-05-22 11:50:57 +1000
Served asset /weather.js - 304 Not Modified (0ms)


Started GET "/assets/jquery_ujs.js?body=1" for 127.0.0.1 at 2013-05-22 11:50:58 +1000
Served asset /jquery_ujs.js - 304 Not Modified (0ms)


Started GET "/assets/jquery.js?body=1" for 127.0.0.1 at 2013-05-22 11:50:58 +1000
Served asset /jquery.js - 304 Not Modified (3ms)


Started GET "/assets/weather.css?body=1" for 127.0.0.1 at 2013-05-22 11:50:58 +1000
Served asset /weather.css - 304 Not Modified (0ms)


Started POST "/weather" for 127.0.0.1 at 2013-05-22 11:51:10 +1000
Processing by WeatherController#show_weather as HTML
  Parameters: {"utf8"=>"✓", "authenticity_token"=>"jCByC6reV/VuDTliiT4Ndqzq95jg+AC2ALBFdkYeXKA=", "zipcode_form"=>{"zipcode"=>"22080"}, "commit"=>"Get Weather"}
Redirected to http://localhost:3000/weather
Completed 302 Found in 12306ms (ActiveRecord: 0.0ms)


Started GET "/weather" for 127.0.0.1 at 2013-05-22 11:51:22 +1000
Processing by WeatherController#zipcode_inquiry as HTML
  Rendered weather/zipcode_inquiry.html.erb within layouts/application (4.1ms)
Completed 200 OK in 61ms (Views: 58.6ms | ActiveRecord: 0.0ms)


Started GET "/assets/application.css?body=1" for 127.0.0.1 at 2013-05-22 11:51:22 +1000
Served asset /application.css - 304 Not Modified (15ms)


Started GET "/assets/weather.css?body=1" for 127.0.0.1 at 2013-05-22 11:51:23 +1000
Served asset /weather.css - 304 Not Modified (0ms)


Started GET "/assets/jquery.js?body=1" for 127.0.0.1 at 2013-05-22 11:51:23 +1000
Served asset /jquery.js - 304 Not Modified (2ms)


Started GET "/assets/weather.js?body=1" for 127.0.0.1 at 2013-05-22 11:51:23 +1000
Served asset /weather.js - 304 Not Modified (0ms)


Started GET "/assets/application.js?body=1" for 127.0.0.1 at 2013-05-22 11:51:23 +1000
Served asset /application.js - 304 Not Modified (2ms)


Started GET "/assets/jquery_ujs.js?body=1" for 127.0.0.1 at 2013-05-22 11:51:23 +1000
Served asset /jquery_ujs.js - 304 Not Modified (0ms)


Started POST "/weather" for 127.0.0.1 at 2013-05-22 11:51:25 +1000
Processing by WeatherController#show_weather as HTML
  Parameters: {"utf8"=>"✓", "authenticity_token"=>"jCByC6reV/VuDTliiT4Ndqzq95jg+AC2ALBFdkYeXKA=", "zipcode_form"=>{"zipcode"=>"22080"}, "commit"=>"Get Weather"}
Redirected to http://localhost:3000/weather
Completed 302 Found in 4173ms (ActiveRecord: 0.0ms)


Started GET "/weather" for 127.0.0.1 at 2013-05-22 11:51:29 +1000
Processing by WeatherController#zipcode_inquiry as HTML
  Rendered weather/zipcode_inquiry.html.erb within layouts/application (4.1ms)
Completed 200 OK in 54ms (Views: 52.7ms | ActiveRecord: 0.0ms)


Started GET "/assets/application.css?body=1" for 127.0.0.1 at 2013-05-22 11:51:29 +1000
Served asset /application.css - 304 Not Modified (1ms)


Started GET "/assets/application.js?body=1" for 127.0.0.1 at 2013-05-22 11:51:29 +1000
Served asset /application.js - 304 Not Modified (2ms)


Started GET "/assets/weather.js?body=1" for 127.0.0.1 at 2013-05-22 11:51:29 +1000
Served asset /weather.js - 304 Not Modified (0ms)


Started GET "/assets/jquery_ujs.js?body=1" for 127.0.0.1 at 2013-05-22 11:51:29 +1000
Served asset /jquery_ujs.js - 304 Not Modified (0ms)


Started GET "/assets/jquery.js?body=1" for 127.0.0.1 at 2013-05-22 11:51:29 +1000
Served asset /jquery.js - 304 Not Modified (1ms)


Started GET "/assets/weather.css?body=1" for 127.0.0.1 at 2013-05-22 11:51:29 +1000
Served asset /weather.css - 304 Not Modified (1ms)
Connecting to database specified by database.yml
Connecting to database specified by database.yml
Connecting to database specified by database.yml
Connecting to database specified by database.yml


Started GET "/request" for 127.0.0.1 at 2013-05-22 13:30:29 +1000

ActionController::RoutingError (No route matches [GET] "/request"):
  actionpack (3.2.13) lib/action_dispatch/middleware/debug_exceptions.rb:21:in `call'
  actionpack (3.2.13) lib/action_dispatch/middleware/show_exceptions.rb:56:in `call'
  railties (3.2.13) lib/rails/rack/logger.rb:32:in `call_app'
  railties (3.2.13) lib/rails/rack/logger.rb:16:in `block in call'
  activesupport (3.2.13) lib/active_support/tagged_logging.rb:22:in `tagged'
  railties (3.2.13) lib/rails/rack/logger.rb:16:in `call'
  actionpack (3.2.13) lib/action_dispatch/middleware/request_id.rb:22:in `call'
  rack (1.4.5) lib/rack/methodoverride.rb:21:in `call'
  rack (1.4.5) lib/rack/runtime.rb:17:in `call'
  activesupport (3.2.13) lib/active_support/cache/strategy/local_cache.rb:72:in `call'
  rack (1.4.5) lib/rack/lock.rb:15:in `call'
  actionpack (3.2.13) lib/action_dispatch/middleware/static.rb:63:in `call'
  railties (3.2.13) lib/rails/engine.rb:479:in `call'
  railties (3.2.13) lib/rails/application.rb:223:in `call'
  rack (1.4.5) lib/rack/content_length.rb:14:in `call'
  railties (3.2.13) lib/rails/rack/log_tailer.rb:17:in `call'
  rack (1.4.5) lib/rack/handler/webrick.rb:59:in `service'
  /home/lucy/.rvm/rubies/ruby-1.9.3-p392/lib/ruby/1.9.1/webrick/httpserver.rb:138:in `service'
  /home/lucy/.rvm/rubies/ruby-1.9.3-p392/lib/ruby/1.9.1/webrick/httpserver.rb:94:in `run'
  /home/lucy/.rvm/rubies/ruby-1.9.3-p392/lib/ruby/1.9.1/webrick/server.rb:191:in `block in start_thread'


  Rendered /home/lucy/.rvm/gems/ruby-1.9.3-p392/gems/actionpack-3.2.13/lib/action_dispatch/middleware/templates/rescues/routing_error.erb within rescues/layout (41.8ms)


Started GET "/" for 127.0.0.1 at 2013-05-22 13:30:30 +1000
Processing by WeatherController#zipcode_inquiry as HTML
  Rendered weather/zipcode_inquiry.html.erb within layouts/application (10.0ms)
Completed 200 OK in 60ms (Views: 59.5ms)


Started GET "/assets/application.css?body=1" for 127.0.0.1 at 2013-05-22 13:30:31 +1000
Served asset /application.css - 304 Not Modified (5ms)


Started GET "/assets/weather.css?body=1" for 127.0.0.1 at 2013-05-22 13:30:31 +1000
Served asset /weather.css - 304 Not Modified (2ms)


Started GET "/assets/jquery.js?body=1" for 127.0.0.1 at 2013-05-22 13:30:31 +1000
Served asset /jquery.js - 304 Not Modified (11ms)


Started GET "/assets/jquery_ujs.js?body=1" for 127.0.0.1 at 2013-05-22 13:30:31 +1000
Served asset /jquery_ujs.js - 304 Not Modified (6ms)


Started GET "/assets/weather.js?body=1" for 127.0.0.1 at 2013-05-22 13:30:31 +1000
Served asset /weather.js - 304 Not Modified (2ms)


Started GET "/assets/application.js?body=1" for 127.0.0.1 at 2013-05-22 13:30:31 +1000
Served asset /application.js - 304 Not Modified (10ms)


Started POST "/" for 127.0.0.1 at 2013-05-22 13:30:38 +1000
Processing by WeatherController#show_weather as HTML
  Parameters: {"utf8"=>"✓", "authenticity_token"=>"jCByC6reV/VuDTliiT4Ndqzq95jg+AC2ALBFdkYeXKA=", "zipcode_form"=>{"zipcode"=>"22181"}, "commit"=>"Get Weather"}
  Rendered weather/show_weather.html.erb within layouts/application (1.2ms)
Completed 200 OK in 654ms (Views: 26.3ms)


Started GET "/assets/application.css?body=1" for 127.0.0.1 at 2013-05-22 13:30:38 +1000
Served asset /application.css - 304 Not Modified (0ms)


Started GET "/assets/weather.css?body=1" for 127.0.0.1 at 2013-05-22 13:30:38 +1000
Served asset /weather.css - 304 Not Modified (0ms)


Started GET "/assets/jquery.js?body=1" for 127.0.0.1 at 2013-05-22 13:30:38 +1000
Served asset /jquery.js - 304 Not Modified (1ms)


Started GET "/assets/jquery_ujs.js?body=1" for 127.0.0.1 at 2013-05-22 13:30:38 +1000
Served asset /jquery_ujs.js - 304 Not Modified (0ms)


Started GET "/assets/weather.js?body=1" for 127.0.0.1 at 2013-05-22 13:30:38 +1000
Served asset /weather.js - 304 Not Modified (0ms)


Started GET "/assets/application.js?body=1" for 127.0.0.1 at 2013-05-22 13:30:38 +1000
Served asset /application.js - 304 Not Modified (2ms)
